[debug] [2018-08-20T05:40:00.127Z] ----------------------------------------------------------------------
[debug] [2018-08-20T05:40:00.130Z] Command:       C:\Program Files\nodejs\node.exe C:\Users\Oshara\AppData\Roaming\npm\node_modules\firebase-tools\bin\firebase serve
[debug] [2018-08-20T05:40:00.130Z] CLI Version:   4.1.0
[debug] [2018-08-20T05:40:00.130Z] Platform:      win32
[debug] [2018-08-20T05:40:00.130Z] Node Version:  v8.10.0
[debug] [2018-08-20T05:40:00.131Z] Time:          Mon Aug 20 2018 11:10:00 GMT+0530 (Sri Lanka Standard Time)
[debug] [2018-08-20T05:40:00.131Z] ----------------------------------------------------------------------
[debug] 
[debug] [2018-08-20T05:40:00.145Z] > command requires scopes: ["email","openid","https://www.googleapis.com/auth/cloudplatformprojects.readonly","https://www.googleapis.com/auth/firebase","https://www.googleapis.com/auth/cloud-platform"]
[debug] [2018-08-20T05:40:00.147Z] > authorizing via signed-in user
[debug] [2018-08-20T05:40:00.149Z] >>> HTTP REQUEST GET https://admin.firebase.com/v1/projects/hola-cfd6b  
 
[debug] [2018-08-20T05:40:01.236Z] <<< HTTP RESPONSE 200
[debug] [2018-08-20T05:40:01.241Z] >>> HTTP REQUEST GET https://admin.firebase.com/v1/database/hola-cfd6b/tokens  
 
[debug] [2018-08-20T05:40:02.130Z] <<< HTTP RESPONSE 200
[debug] [2018-08-20T05:40:02.133Z] >>> HTTP REQUEST GET https://cloudresourcemanager.googleapis.com/v1/projects/hola-cfd6b  
 
[debug] [2018-08-20T05:40:03.535Z] <<< HTTP RESPONSE 200
[info] 
[info] === Serving from 'G:\hola-msg'...
[info] 
[info] i  functions: Preparing to emulate functions.
[debug] [2018-08-20T05:40:05.212Z] Fetching environment
[debug] [2018-08-20T05:40:05.218Z] >>> HTTP REQUEST GET https://mobilesdk-pa.googleapis.com/v1/projects/414985638685:getServerAppConfig  
 
[debug] [2018-08-20T05:40:05.218Z] >>> HTTP REQUEST GET https://mobilesdk-pa.googleapis.com/v1/projects/414985638685/clients/_:getWebAppConfig  
 
[debug] [2018-08-20T05:40:06.228Z] <<< HTTP RESPONSE 200
[debug] [2018-08-20T05:40:06.228Z] Starting @google-cloud/functions-emulator
[debug] [2018-08-20T05:40:06.350Z] <<< HTTP RESPONSE 200
[info] i  hosting: Serving hosting files from: public
[info] +  hosting: Local server: http://localhost:5000

[debug] [2018-08-20T05:40:10.029Z] Parsing function triggers
[info] i  functions: No HTTPS functions found. Use firebase functions:shell if you would like to emulate other types of functions.
